Started at [2015/06/01 18:40]
Config file is /Users/stefterv/Documents/ArtEZ/Webdesign/ArtEZ-NLG/static/deployment.ini

Deploying Portfolio
Connecting to server
Loaded remote .htdeployment file
Scanning files in /Users/stefterv/Documents/ArtEZ/Webdesign/ArtEZ-NLG/static
Ignoring ./.DS_Store                    
Ignoring ./deployment.log               
Creating remote file .htdeployment.running

Uploading:
(1 of 6) /css/module.scss
(2 of 6) /css/singledocument.scss
(3 of 6) /modules.php
(4 of 6) /singledocument.php
(5 of 6) /style.css (filters applied)
(6 of 6) /.htdeployment

Renaming:
(1 of 6) Renaming /domains/steftervelde.nl/public_html/artez-nlg/css/module.scss
(2 of 6) Renaming /domains/steftervelde.nl/public_html/artez-nlg/css/singledocument.scss
(3 of 6) Renaming /domains/steftervelde.nl/public_html/artez-nlg/modules.php
(4 of 6) Renaming /domains/steftervelde.nl/public_html/artez-nlg/singledocument.php
(5 of 6) Renaming /domains/steftervelde.nl/public_html/artez-nlg/style.css
(6 of 6) Renaming /domains/steftervelde.nl/public_html/artez-nlg/.htdeployment

Cleaning temp/cache

Deleting remote file .htdeployment.running

Finished at [2015/06/01 18:40] (in 2 seconds)
