Started at [2015/06/02 14:37]
Config file is /Users/stefterv/Documents/ArtEZ/Webdesign/ArtEZ-NLG/src2/deployment.ini

Deploying Portfolio
Connecting to server
Loaded remote .htdeployment file
Scanning files in /Users/stefterv/Documents/ArtEZ/Webdesign/ArtEZ-NLG/src2
Ignoring ./.DS_Store                    
Ignoring ./classes/.DS_Store            
Ignoring ./config.php                   
Ignoring ./deployment.log               
Ignoring ./includes/vendor/dompdf/dompdf/.gitattributes
Ignoring ./includes/vendor/dompdf/dompdf/.gitignore
Ignoring ./includes/vendor/dompdf/dompdf/.gitmodules
Ignoring ./includes/vendor/phenx/php-font-lib/.gitattributes
Ignoring ./includes/vendor/phenx/php-font-lib/.gitignore
Creating remote file .htdeployment.running

Uploading:
(  1 of 296) /.htaccess
(  2 of 296) /api/
(  3 of 296) /api/document.php
(  4 of 296) /api/get_document.php
(  5 of 296) /api/get_module_list.php
(  6 of 296) /api/get_modules.php
(  7 of 296) /api/module.php
(  8 of 296) /api/new_module.php
(  9 of 296) /classes/
( 10 of 296) /classes/Document.php
( 11 of 296) /classes/Document_Link.php
( 12 of 296) /classes/Image.php
( 13 of 296) /classes/Module.php
( 14 of 296) /classes/Tag.php
( 15 of 296) /classes/Tag_Link.php
( 16 of 296) /css/document.scss
( 17 of 296) /css/header.scss
( 18 of 296) /css/interface.css (filters applied)
( 19 of 296) /css/interface.scss
( 20 of 296) /css/library.css (filters applied)
( 21 of 296) /css/library.scss
( 22 of 296) /css/module.scss
( 23 of 296) /dbObject.php
( 24 of 296) /functions.php
( 25 of 296) /includes/
( 26 of 296) /includes/footer.php
( 27 of 296) /includes/header.php
( 28 of 296) /includes/vendor/
( 29 of 296) /includes/vendor/autoload.php
( 30 of 296) /includes/vendor/composer/
( 31 of 296) /includes/vendor/composer/autoload_classmap.php
( 32 of 296) /includes/vendor/composer/autoload_namespaces.php
( 33 of 296) /includes/vendor/composer/autoload_psr4.php
( 34 of 296) /includes/vendor/composer/autoload_real.php
( 35 of 296) /includes/vendor/composer/ClassLoader.php
( 36 of 296) /includes/vendor/composer/installed.json
( 37 of 296) /includes/vendor/dompdf/
( 38 of 296) /includes/vendor/dompdf/dompdf/
( 39 of 296) /includes/vendor/dompdf/dompdf/composer.json
( 40 of 296) /includes/vendor/dompdf/dompdf/CONTRIBUTING.md
( 41 of 296) /includes/vendor/dompdf/dompdf/dompdf.php
( 42 of 296) /includes/vendor/dompdf/dompdf/dompdf_config.custom.inc.php
( 43 of 296) /includes/vendor/dompdf/dompdf/dompdf_config.inc.php
( 44 of 296) /includes/vendor/dompdf/dompdf/include/
( 45 of 296) /includes/vendor/dompdf/dompdf/include/absolute_positioner.cls.php
( 46 of 296) /includes/vendor/dompdf/dompdf/include/abstract_renderer.cls.php
( 47 of 296) /includes/vendor/dompdf/dompdf/include/attribute_translator.cls.php
( 48 of 296) /includes/vendor/dompdf/dompdf/include/autoload.inc.php
( 49 of 296) /includes/vendor/dompdf/dompdf/include/block_frame_decorator.cls.php
( 50 of 296) /includes/vendor/dompdf/dompdf/include/block_frame_reflower.cls.php
( 51 of 296) /includes/vendor/dompdf/dompdf/include/block_positioner.cls.php
( 52 of 296) /includes/vendor/dompdf/dompdf/include/block_renderer.cls.php
( 53 of 296) /includes/vendor/dompdf/dompdf/include/cached_pdf_decorator.cls.php
( 54 of 296) /includes/vendor/dompdf/dompdf/include/canvas.cls.php
( 55 of 296) /includes/vendor/dompdf/dompdf/include/canvas_factory.cls.php
( 56 of 296) /includes/vendor/dompdf/dompdf/include/cellmap.cls.php
( 57 of 296) /includes/vendor/dompdf/dompdf/include/cpdf_adapter.cls.php
( 58 of 296) /includes/vendor/dompdf/dompdf/include/css_color.cls.php
( 59 of 296) /includes/vendor/dompdf/dompdf/include/dompdf.cls.php
( 60 of 296) /includes/vendor/dompdf/dompdf/include/dompdf_exception.cls.php
( 61 of 296) /includes/vendor/dompdf/dompdf/include/dompdf_image_exception.cls.php
( 62 of 296) /includes/vendor/dompdf/dompdf/include/file.skel
( 63 of 296) /includes/vendor/dompdf/dompdf/include/fixed_positioner.cls.php
( 64 of 296) /includes/vendor/dompdf/dompdf/include/font_metrics.cls.php
( 65 of 296) /includes/vendor/dompdf/dompdf/include/frame.cls.php
( 66 of 296) /includes/vendor/dompdf/dompdf/include/frame_decorator.cls.php
( 67 of 296) /includes/vendor/dompdf/dompdf/include/frame_factory.cls.php
( 68 of 296) /includes/vendor/dompdf/dompdf/include/frame_reflower.cls.php
( 69 of 296) /includes/vendor/dompdf/dompdf/include/frame_tree.cls.php
( 70 of 296) /includes/vendor/dompdf/dompdf/include/functions.inc.php
( 71 of 296) /includes/vendor/dompdf/dompdf/include/gd_adapter.cls.php
( 72 of 296) /includes/vendor/dompdf/dompdf/include/image_cache.cls.php
( 73 of 296) /includes/vendor/dompdf/dompdf/include/image_frame_decorator.cls.php
( 74 of 296) /includes/vendor/dompdf/dompdf/include/image_frame_reflower.cls.php
( 75 of 296) /includes/vendor/dompdf/dompdf/include/image_renderer.cls.php
( 76 of 296) /includes/vendor/dompdf/dompdf/include/inline_frame_decorator.cls.php
( 77 of 296) /includes/vendor/dompdf/dompdf/include/inline_frame_reflower.cls.php
( 78 of 296) /includes/vendor/dompdf/dompdf/include/inline_positioner.cls.php
( 79 of 296) /includes/vendor/dompdf/dompdf/include/inline_renderer.cls.php
( 80 of 296) /includes/vendor/dompdf/dompdf/include/javascript_embedder.cls.php
( 81 of 296) /includes/vendor/dompdf/dompdf/include/line_box.cls.php
( 82 of 296) /includes/vendor/dompdf/dompdf/include/list_bullet_frame_decorator.cls.php
( 83 of 296) /includes/vendor/dompdf/dompdf/include/list_bullet_frame_reflower.cls.php
( 84 of 296) /includes/vendor/dompdf/dompdf/include/list_bullet_image_frame_decorator.cls.php
( 85 of 296) /includes/vendor/dompdf/dompdf/include/list_bullet_positioner.cls.php
( 86 of 296) /includes/vendor/dompdf/dompdf/include/list_bullet_renderer.cls.php
( 87 of 296) /includes/vendor/dompdf/dompdf/include/null_frame_decorator.cls.php
( 88 of 296) /includes/vendor/dompdf/dompdf/include/null_frame_reflower.cls.php
( 89 of 296) /includes/vendor/dompdf/dompdf/include/null_positioner.cls.php
( 90 of 296) /includes/vendor/dompdf/dompdf/include/page_cache.cls.php
( 91 of 296) /includes/vendor/dompdf/dompdf/include/page_frame_decorator.cls.php
( 92 of 296) /includes/vendor/dompdf/dompdf/include/page_frame_reflower.cls.php
( 93 of 296) /includes/vendor/dompdf/dompdf/include/pdflib_adapter.cls.php
( 94 of 296) /includes/vendor/dompdf/dompdf/include/php_evaluator.cls.php
( 95 of 296) /includes/vendor/dompdf/dompdf/include/positioner.cls.php
( 96 of 296) /includes/vendor/dompdf/dompdf/include/renderer.cls.php
